Using pre-set license
Built from '2020.3/staging' branch; Version is '2020.3.17f1 (a4537701e4ab) revision 10769271'; Using compiler version '192528614'; Build Type 'Release'
OS: 'Windows 10 Home Single Language; OS build 19043.1348; Version 2009; 64bit' Language: 'en' Physical Memory: 10187 MB
BatchMode: 1, IsHumanControllingUs: 0, StartBugReporterOnCrash: 0, Is64bit: 1, IsPro: 0

COMMAND LINE ARGUMENTS:
C:\Program Files\Unity\Hub\Editor\2020.3.17f1\Editor\Unity.exe
-adb2
-batchMode
-noUpm
-name
AssetImportWorker0
-projectPath
D:/ProjectUnity/BinhNgoDaiChien
-logFile
Logs/AssetImportWorker0.log
-srvPort
51218
Successfully changed project path to: D:/ProjectUnity/BinhNgoDaiChien
D:/ProjectUnity/BinhNgoDaiChien
Using Asset Import Pipeline V2.
Refreshing native plugins compatible for Editor in 86.64 ms, found 3 plugins.
Preloading 0 native plugins for Editor in 0.00 ms.
Initialize engine version: 2020.3.17f1 (a4537701e4ab)
[Subsystems] Discovering subsystems at path C:/Program Files/Unity/Hub/Editor/2020.3.17f1/Editor/Data/Resources/UnitySubsystems
[Subsystems] Discovering subsystems at path D:/ProjectUnity/BinhNgoDaiChien/Assets
GfxDevice: creating device client; threaded=0
Direct3D:
    Version:  Direct3D 11.0 [level 11.1]
    Renderer: NVIDIA GeForce GTX 1050 (ID=0x1c92)
    Vendor:   
    VRAM:     4021 MB
    Driver:   27.21.14.6259
Initialize mono
Mono path[0] = 'C:/Program Files/Unity/Hub/Editor/2020.3.17f1/Editor/Data/Managed'
Mono path[1] = 'C:/Program Files/Unity/Hub/Editor/2020.3.17f1/Editor/Data/MonoBleedingEdge/lib/mono/unityjit'
Mono config path = 'C:/Program Files/Unity/Hub/Editor/2020.3.17f1/Editor/Data/MonoBleedingEdge/etc'
Using monoOptions --debugger-agent=transport=dt_socket,embedding=1,server=y,suspend=n,address=127.0.0.1:56960
Begin MonoManager ReloadAssembly
Registering precompiled unity dll's ...
Register platform support module: C:/Program Files/Unity/Hub/Editor/2020.3.17f1/Editor/Data/PlaybackEngines/WindowsStandaloneSupport/UnityEditor.WindowsStandalone.Extensions.dll
Registered in 0.005999 seconds.
Native extension for WindowsStandalone target not found
Refreshing native plugins compatible for Editor in 75.69 ms, found 3 plugins.
Preloading 0 native plugins for Editor in 0.00 ms.
Mono: successfully reloaded assembly
- Completed reload, in  4.186 seconds
Domain Reload Profiling:
	ReloadAssembly (4187ms)
		BeginReloadAssembly (78ms)
			ExecutionOrderSort (0ms)
			DisableScriptedObjects (0ms)
			BackupInstance (0ms)
			ReleaseScriptingObjects (0ms)
			CreateAndSetChildDomain (1ms)
		EndReloadAssembly (591ms)
			LoadAssemblies (74ms)
			RebuildTransferFunctionScriptingTraits (0ms)
			SetupTypeCache (209ms)
			ReleaseScriptCaches (0ms)
			RebuildScriptCaches (43ms)
			SetupLoadedEditorAssemblies (242ms)
				LogAssemblyErrors (0ms)
				InitializePlatformSupportModulesInManaged (5ms)
				SetLoadedEditorAssemblies (0ms)
				RefreshPlugins (76ms)
				BeforeProcessingInitializeOnLoad (20ms)
				ProcessInitializeOnLoadAttributes (98ms)
				ProcessInitializeOnLoadMethodAttributes (42ms)
				AfterProcessingInitializeOnLoad (0ms)
				EditorAssembliesLoaded (0ms)
			ExecutionOrderSort2 (0ms)
			AwakeInstancesAfterBackupRestoration (0ms)
Platform modules already initialized, skipping
Registering precompiled user dll's ...
Registered in 0.012078 seconds.
Begin MonoManager ReloadAssembly
Native extension for WindowsStandalone target not found
Refreshing native plugins compatible for Editor in 73.20 ms, found 3 plugins.
Preloading 0 native plugins for Editor in 0.00 ms.
Mono: successfully reloaded assembly
- Completed reload, in  1.708 seconds
Domain Reload Profiling:
	ReloadAssembly (1709ms)
		BeginReloadAssembly (219ms)
			ExecutionOrderSort (0ms)
			DisableScriptedObjects (6ms)
			BackupInstance (0ms)
			ReleaseScriptingObjects (0ms)
			CreateAndSetChildDomain (29ms)
		EndReloadAssembly (1403ms)
			LoadAssemblies (159ms)
			RebuildTransferFunctionScriptingTraits (0ms)
			SetupTypeCache (409ms)
			ReleaseScriptCaches (1ms)
			RebuildScriptCaches (72ms)
			SetupLoadedEditorAssemblies (591ms)
				LogAssemblyErrors (0ms)
				InitializePlatformSupportModulesInManaged (5ms)
				SetLoadedEditorAssemblies (0ms)
				RefreshPlugins (73ms)
				BeforeProcessingInitializeOnLoad (107ms)
				ProcessInitializeOnLoadAttributes (378ms)
				ProcessInitializeOnLoadMethodAttributes (18ms)
				AfterProcessingInitializeOnLoad (10ms)
				EditorAssembliesLoaded (0ms)
			ExecutionOrderSort2 (0ms)
			AwakeInstancesAfterBackupRestoration (9ms)
Platform modules already initialized, skipping
========================================================================
Worker process is ready to serve import requests
Launched and connected shader compiler UnityShaderCompiler.exe after 0.08 seconds
Refreshing native plugins compatible for Editor in 0.94 ms, found 3 plugins.
Preloading 0 native plugins for Editor in 0.00 ms.
Unloading 2174 Unused Serialized files (Serialized files now loaded: 0)
System memory in use before: 95.9 MB.
System memory in use after: 96.0 MB.

Unloading 28 unused Assets to reduce memory usage. Loaded Objects now: 2614.
Total: 4.548300 ms (FindLiveObjects: 0.307200 ms CreateObjectMapping: 0.099800 ms MarkObjects: 4.049400 ms  DeleteObjects: 0.090200 ms)

AssetImportParameters requested are different than current active one (requested -> active):
  custom:framework-win-MediaFoundation: 216162199b28c13a410421893ffa2e32 -> 
  custom:video-decoder-ogg-theora: a1e56fd34408186e4bbccfd4996cb3dc -> 
  custom:container-muxer-webm: aa71ff27fc2769a1b78a27578f13a17b -> 
  custom:container-demuxer-webm: 4f35f7cbe854078d1ac9338744f61a02 -> 
  custom:container-demuxer-ogg: 62fdf1f143b41e24485cea50d1cbac27 -> 
  custom:video-encoder-webm-vp8: eb34c28f22e8b96e1ab97ce403110664 -> 
  custom:video-decoder-webm-vp8: 9c59270c3fd7afecdb556c50c9e8de78 -> 
  custom:audio-decoder-ogg-vorbis: bf7c407c2cedff20999df2af8eb42d56 -> 
  custom:audio-encoder-webm-vorbis: bf7c407c2cedff20999df2af8eb42d56 -> 
========================================================================
Received Import Request.
  path: Assets/LeanTween/Framework
  artifactKey: Guid(a3f23ec8eb7c24f0bbb1d41bf96c154f) Importer(815301076,1909f56bfc062723c751e8b465ee728b)
Start importing Assets/LeanTween/Framework using Guid(a3f23ec8eb7c24f0bbb1d41bf96c154f) Importer(815301076,1909f56bfc062723c751e8b465ee728b)  -> (artifact id: '86452c00763701844c3f3ad2daaf450b') in 0.018388 seconds 
  Import took 0.026983 seconds .

========================================================================
Received Import Request.
  Time since last request: 5.485919 seconds.
  path: Assets/Map1/Sprites
  artifactKey: Guid(a1c11f864adf0f34a8cced475fe24914) Importer(815301076,1909f56bfc062723c751e8b465ee728b)
Start importing Assets/Map1/Sprites using Guid(a1c11f864adf0f34a8cced475fe24914) Importer(815301076,1909f56bfc062723c751e8b465ee728b)  -> (artifact id: '806d56f331a91becc528d3192ba99319') in 0.013507 seconds 
  Import took 0.019384 seconds .

========================================================================
Received Import Request.
  Time since last request: 3.330586 seconds.
  path: Assets/Map1/Sprites/BackGround
  artifactKey: Guid(146e58f3685e4044182ba0a990ee1436) Importer(815301076,1909f56bfc062723c751e8b465ee728b)
Start importing Assets/Map1/Sprites/BackGround using Guid(146e58f3685e4044182ba0a990ee1436) Importer(815301076,1909f56bfc062723c751e8b465ee728b)  -> (artifact id: 'afb6eb6a2b9d79c76f6bc2ac4d47432f') in 0.012700 seconds 
  Import took 0.020385 seconds .

========================================================================
Received Import Request.
  Time since last request: 1.099531 seconds.
  path: Assets/Map1/Sprites/BackGround/Tiles
  artifactKey: Guid(047f96fd93c40d84d98507ea368b6206) Importer(815301076,1909f56bfc062723c751e8b465ee728b)
Start importing Assets/Map1/Sprites/BackGround/Tiles using Guid(047f96fd93c40d84d98507ea368b6206) Importer(815301076,1909f56bfc062723c751e8b465ee728b)  -> (artifact id: 'c59f203316cfd8626422d27eeca8b7f3') in 0.013987 seconds 
  Import took 0.020883 seconds .

========================================================================
Received Import Request.
  Time since last request: 0.065509 seconds.
  path: Assets/Map1/Sprites/BackGround/Tiles/Bush (3).asset
  artifactKey: Guid(cfa8e3310e70a05458f4523811c732c6) Importer(815301076,1909f56bfc062723c751e8b465ee728b)
Start importing Assets/Map1/Sprites/BackGround/Tiles/Bush (3).asset using Guid(cfa8e3310e70a05458f4523811c732c6) Importer(815301076,1909f56bfc062723c751e8b465ee728b)  -> (artifact id: '2a52b19573ae360c9625edff4a67b992') in 0.120209 seconds 
  Import took 0.126348 seconds .

========================================================================
Received Import Request.
  Time since last request: 0.000337 seconds.
  path: Assets/Map1/Sprites/BackGround/Tiles/dat7.asset
  artifactKey: Guid(00d6224b1ca13534fb140616836ca6db) Importer(815301076,1909f56bfc062723c751e8b465ee728b)
Start importing Assets/Map1/Sprites/BackGround/Tiles/dat7.asset using Guid(00d6224b1ca13534fb140616836ca6db) Importer(815301076,1909f56bfc062723c751e8b465ee728b)  -> (artifact id: 'aa82b8bfb0030cad0b738feeb2f49f89') in 0.023206 seconds 
  Import took 0.029252 seconds .

========================================================================
Received Import Request.
  Time since last request: 0.000254 seconds.
  path: Assets/Map1/Sprites/BackGround/Tiles/Bush (3).asset
  artifactKey: Guid(cfa8e3310e70a05458f4523811c732c6) Importer(815301076,1909f56bfc062723c751e8b465ee728b)
Start importing Assets/Map1/Sprites/BackGround/Tiles/Bush (3).asset using Guid(cfa8e3310e70a05458f4523811c732c6) Importer(815301076,1909f56bfc062723c751e8b465ee728b)  -> (artifact id: '2a52b19573ae360c9625edff4a67b992') in 0.011687 seconds 
  Import took 0.017537 seconds .

========================================================================
Received Import Request.
  Time since last request: 0.000262 seconds.
  path: Assets/Map1/Sprites/BackGround/Tiles/cau1.asset
  artifactKey: Guid(caf16d6dce816204498cc075fba7b327) Importer(815301076,1909f56bfc062723c751e8b465ee728b)
Start importing Assets/Map1/Sprites/BackGround/Tiles/cau1.asset using Guid(caf16d6dce816204498cc075fba7b327) Importer(815301076,1909f56bfc062723c751e8b465ee728b)  -> (artifact id: 'efbbb170c4d65f239b720df3cca25d4c') in 0.019965 seconds 
  Import took 0.025793 seconds .

========================================================================
Received Import Request.
  Time since last request: 0.553813 seconds.
  path: Assets/Map1/Sprites/BackGround/Tiles/dat8.asset
  artifactKey: Guid(0f0d25af7f132a747a0b4124def77509) Importer(815301076,1909f56bfc062723c751e8b465ee728b)
Start importing Assets/Map1/Sprites/BackGround/Tiles/dat8.asset using Guid(0f0d25af7f132a747a0b4124def77509) Importer(815301076,1909f56bfc062723c751e8b465ee728b)  -> (artifact id: '52f37f94667eba58823dc4b940b2ec3d') in 0.017068 seconds 
  Import took 0.022043 seconds .

========================================================================
Received Import Request.
  Time since last request: 0.000256 seconds.
  path: Assets/Map1/Sprites/BackGround/Tiles/Grounds2.asset
  artifactKey: Guid(8a713e17eac9bc341ab608083f43807a) Importer(815301076,1909f56bfc062723c751e8b465ee728b)
Start importing Assets/Map1/Sprites/BackGround/Tiles/Grounds2.asset using Guid(8a713e17eac9bc341ab608083f43807a) Importer(815301076,1909f56bfc062723c751e8b465ee728b)  -> (artifact id: 'da3b411029fd30be2e26717d3fc84db0') in 0.019872 seconds 
  Import took 0.024653 seconds .

========================================================================
Received Import Request.
  Time since last request: 0.000401 seconds.
  path: Assets/Map1/Sprites/BackGround/Tiles/hangrao.asset
  artifactKey: Guid(a3cfaf5aa2e03bf4681d6d5a00d7415f) Importer(815301076,1909f56bfc062723c751e8b465ee728b)
Start importing Assets/Map1/Sprites/BackGround/Tiles/hangrao.asset using Guid(a3cfaf5aa2e03bf4681d6d5a00d7415f) Importer(815301076,1909f56bfc062723c751e8b465ee728b)  -> (artifact id: '82c6941dd4ed9fd4de27e605140acb12') in 0.019366 seconds 
  Import took 0.024496 seconds .

========================================================================
Received Import Request.
  Time since last request: 0.000325 seconds.
  path: Assets/Map1/Sprites/BackGround/Tiles/tre1.asset
  artifactKey: Guid(d9e5696caebdf7b40ac2af4b8f13ef32) Importer(815301076,1909f56bfc062723c751e8b465ee728b)
Start importing Assets/Map1/Sprites/BackGround/Tiles/tre1.asset using Guid(d9e5696caebdf7b40ac2af4b8f13ef32) Importer(815301076,1909f56bfc062723c751e8b465ee728b)  -> (artifact id: '1e8ce025e880c35edde49ddfc53a2d95') in 0.020924 seconds 
  Import took 0.026494 seconds .

========================================================================
Received Import Request.
  Time since last request: 0.000289 seconds.
  path: Assets/Map1/Sprites/BackGround/Tiles/water_down.asset
  artifactKey: Guid(8c6995d1857343241a524311d2b3000b) Importer(815301076,1909f56bfc062723c751e8b465ee728b)
Start importing Assets/Map1/Sprites/BackGround/Tiles/water_down.asset using Guid(8c6995d1857343241a524311d2b3000b) Importer(815301076,1909f56bfc062723c751e8b465ee728b)  -> (artifact id: '41acf45bf6b5359736c4bcebdb26fb1c') in 0.019992 seconds 
  Import took 0.025476 seconds .

========================================================================
Received Import Request.
  Time since last request: 0.000278 seconds.
  path: Assets/Map1/Sprites/BackGround/Tiles/daycau2.asset
  artifactKey: Guid(497c2c53378c0534c9941296be2d7656) Importer(815301076,1909f56bfc062723c751e8b465ee728b)
Start importing Assets/Map1/Sprites/BackGround/Tiles/daycau2.asset using Guid(497c2c53378c0534c9941296be2d7656) Importer(815301076,1909f56bfc062723c751e8b465ee728b)  -> (artifact id: '44b98c69265026d02fe9bb6271cd27c3') in 0.019246 seconds 
  Import took 0.025090 seconds .

========================================================================
Received Import Request.
  Time since last request: 0.000423 seconds.
  path: Assets/Map1/Sprites/BackGround/Tiles/Grounds5.asset
  artifactKey: Guid(e2bab099185f9d0458f2ce21df22329a) Importer(815301076,1909f56bfc062723c751e8b465ee728b)
Start importing Assets/Map1/Sprites/BackGround/Tiles/Grounds5.asset using Guid(e2bab099185f9d0458f2ce21df22329a) Importer(815301076,1909f56bfc062723c751e8b465ee728b)  -> (artifact id: '1687d15fe5d5a7fe5fc19160420c101a') in 0.016275 seconds 
  Import took 0.022051 seconds .

========================================================================
Received Import Request.
  Time since last request: 0.000285 seconds.
  path: Assets/Map1/Sprites/BackGround/Tiles/daycau1.asset
  artifactKey: Guid(4ae25097dd4d8cd4190b0521e60e37a2) Importer(815301076,1909f56bfc062723c751e8b465ee728b)
Start importing Assets/Map1/Sprites/BackGround/Tiles/daycau1.asset using Guid(4ae25097dd4d8cd4190b0521e60e37a2) Importer(815301076,1909f56bfc062723c751e8b465ee728b)  -> (artifact id: '336511e0eda4e557d43639e7b8126197') in 0.019772 seconds 
  Import took 0.025782 seconds .

========================================================================
Received Import Request.
  Time since last request: 0.000334 seconds.
  path: Assets/Map1/Sprites/BackGround/Tiles/lo1.asset
  artifactKey: Guid(1d939a086f62dff46938bd37196e67e0) Importer(815301076,1909f56bfc062723c751e8b465ee728b)
Start importing Assets/Map1/Sprites/BackGround/Tiles/lo1.asset using Guid(1d939a086f62dff46938bd37196e67e0) Importer(815301076,1909f56bfc062723c751e8b465ee728b)  -> (artifact id: '0d09c3835ccd6e6ec2fe33d214c056f5') in 0.019329 seconds 
  Import took 0.024922 seconds .

========================================================================
Received Import Request.
  Time since last request: 0.000273 seconds.
  path: Assets/Map1/Sprites/BackGround/Tiles/Grounds5.asset
  artifactKey: Guid(e2bab099185f9d0458f2ce21df22329a) Importer(815301076,1909f56bfc062723c751e8b465ee728b)
Start importing Assets/Map1/Sprites/BackGround/Tiles/Grounds5.asset using Guid(e2bab099185f9d0458f2ce21df22329a) Importer(815301076,1909f56bfc062723c751e8b465ee728b)  -> (artifact id: '1687d15fe5d5a7fe5fc19160420c101a') in 0.014004 seconds 
  Import took 0.018724 seconds .

========================================================================
Received Import Request.
  Time since last request: 0.000253 seconds.
  path: Assets/Map1/Sprites/BackGround/Tiles/lo1.asset
  artifactKey: Guid(1d939a086f62dff46938bd37196e67e0) Importer(815301076,1909f56bfc062723c751e8b465ee728b)
Start importing Assets/Map1/Sprites/BackGround/Tiles/lo1.asset using Guid(1d939a086f62dff46938bd37196e67e0) Importer(815301076,1909f56bfc062723c751e8b465ee728b)  -> (artifact id: '0d09c3835ccd6e6ec2fe33d214c056f5') in 0.010248 seconds 
  Import took 0.016125 seconds .

========================================================================
Received Import Request.
  Time since last request: 0.000243 seconds.
  path: Assets/Map1/Sprites/BackGround/Tiles/tre2.asset
  artifactKey: Guid(1bf91987ddf45e34983c04bf6c63038c) Importer(815301076,1909f56bfc062723c751e8b465ee728b)
Start importing Assets/Map1/Sprites/BackGround/Tiles/tre2.asset using Guid(1bf91987ddf45e34983c04bf6c63038c) Importer(815301076,1909f56bfc062723c751e8b465ee728b)  -> (artifact id: 'df0d97fddadd2cac22b017c028f20c35') in 0.019273 seconds 
  Import took 0.025083 seconds .

AssetImportWorkerClient::OnTransportError - code=2 error=End of file
